#
# There is insufficient memory for the Java Runtime Environment to continue.
# Native memory allocation (mmap) failed to map 197132288 bytes for G1 virtual space
# Possible reasons:
#   The system is out of physical RAM or swap space
#   The process is running with CompressedOops enabled, and the Java Heap may be blocking the growth of the native heap
# Possible solutions:
#   Reduce memory load on the system
#   Increase physical memory or swap space
#   Check if swap backing store is full
#   Decrease Java heap size (-Xmx/-Xms)
#   Decrease number of Java threads
#   Decrease Java thread stack sizes (-Xss)
#   Set larger code cache with -XX:ReservedCodeCacheSize=
#   JVM is running with Zero Based Compressed Oops mode in which the Java heap is
#     placed in the first 32GB address space. The Java Heap base address is the
#     maximum limit for the native heap growth. Please use -XX:HeapBaseMinAddress
#     to set the Java Heap base and to place the Java Heap above 32GB virtual address.
# This output file may be truncated or incomplete.
#
#  Out of Memory Error (os_windows.cpp:3603), pid=37916, tid=27640
#
# JRE version:  (21.0.8+12) (build )
# Java VM: Java HotSpot(TM) 64-Bit Server VM (21.0.8+12-LTS-250, mixed mode, sharing, tiered, compressed oops, compressed class ptrs, g1 gc, windows-amd64)
# No core dump will be written. Minidumps are not enabled by default on client versions of Windows
#

---------------  S U M M A R Y ------------

Command Line: -Dnet.bytebuddy.agent.attacher.dump= net.bytebuddy.agent.Attacher com.sun.tools.attach.VirtualMachine 32364 C:\Users\aldyj\.m2\repository\net\bytebuddy\byte-buddy-agent\1.17.7\byte-buddy-agent-1.17.7.jar false 

Host: 11th Gen Intel(R) Core(TM) i5-11400H @ 2.70GHz, 12 cores, 11G,  Windows 11 , 64 bit Build 26100 (10.0.26100.6725)
Time: Mon Nov  3 13:58:23 2025 Hora est. Pacífico, Sudamérica elapsed time: 0.008207 seconds (0d 0h 0m 0s)

---------------  T H R E A D  ---------------

Current thread (0x00000180db245300):  JavaThread "Unknown thread" [_thread_in_vm, id=27640, stack(0x0000003619300000,0x0000003619400000) (1024K)]

Stack: [0x0000003619300000,0x0000003619400000]
Native frames: (J=compiled Java code, j=interpreted, Vv=VM code, C=native code)
V  [jvm.dll+0x6cc179]
V  [jvm.dll+0x8584c1]
V  [jvm.dll+0x85a9ee]
V  [jvm.dll+0x85b0c3]
V  [jvm.dll+0x27ebf6]
V  [jvm.dll+0x6c88f5]
V  [jvm.dll+0x6bd45a]
V  [jvm.dll+0x354b1a]
V  [jvm.dll+0x35c796]
V  [jvm.dll+0x3af85e]
V  [jvm.dll+0x3afb08]
V  [jvm.dll+0x328e2c]
V  [jvm.dll+0x32998b]
V  [jvm.dll+0x821879]
V  [jvm.dll+0x3bc541]
V  [jvm.dll+0x80aaf8]
V  [jvm.dll+0x45172e]
V  [jvm.dll+0x453321]
C  [jli.dll+0x52a3]
C  [ucrtbase.dll+0x37b0]
C  [KERNEL32.DLL+0x2e8d7]
C  [ntdll.dll+0x8c53c]


---------------  P R O C E S S  ---------------

Threads class SMR info:
_java_thread_list=0x00007ff8348efc48, length=0, elements={
}

Java Threads: ( => current thread )
Total: 0

Other Threads:
  0x00000180d8fd0fc0 WorkerThread "GC Thread#0"                     [id=40648, stack(0x0000003619400000,0x0000003619500000) (1024K)]
  0x00000180db29d3a0 ConcurrentGCThread "G1 Main Marker"            [id=29708, stack(0x0000003619500000,0x0000003619600000) (1024K)]
  0x00000180d8fd1360 WorkerThread "G1 Conc#0"                       [id=20524, stack(0x0000003619600000,0x0000003619700000) (1024K)]

[error occurred during error reporting (printing all threads), id 0xc0000005, EXCEPTION_ACCESS_VIOLATION (0xc0000005) at pc=0x00007ff83405b5b7]
VM state: not at safepoint (not fully initialized)

VM Mutex/Monitor currently owned by a thread:  ([mutex/lock_event])
[0x00007ff834960f50] Heap_lock - owner thread: 0x00000180db245300

Heap address: 0x0000000745a00000, size: 2982 MB, Compressed Oops mode: Zero based, Oop shift amount: 3

CDS archive(s) mapped at: [0x0000000000000000-0x0000000000000000-0x0000000000000000), size 0, SharedBaseAddress: 0x0000000800000000, ArchiveRelocationMode: 1.
Narrow klass base: 0x0000000000000000, Narrow klass shift: 0, Narrow klass range: 0x0

GC Precious Log:
 CardTable entry size: 512
 Card Set container configuration: InlinePtr #cards 4 size 8 Array Of Cards #cards 16 size 48 Howl #buckets 8 coarsen threshold 3686 Howl Bitmap #cards 512 size 80 coarsen threshold 460 Card regions per heap region 1 cards per card region 4096

Heap:
 garbage-first heap   total 0K, used 0K [0x0000000745a00000, 0x0000000800000000)
  region size 2048K, 0 young (0K), 0 survivors (0K)

[error occurred during error reporting (printing heap information), id 0xc0000005, EXCEPTION_ACCESS_VIOLATION (0xc0000005) at pc=0x00007ff8344451e9]
GC Heap History (0 events):
No events

Dll operation events (1 events):
Event: 0.005 Loaded shared library C:\Program Files\Java\jdk-21\bin\java.dll

Deoptimization events (0 events):
No events

Classes loaded (0 events):
No events

Classes unloaded (0 events):
No events

Classes redefined (0 events):
No events

Internal exceptions (0 events):
No events

ZGC Phase Switch (0 events):
No events

VM Operations (0 events):
No events

Events (0 events):
No events


Dynamic libraries:
0x00007ff7b4e70000 - 0x00007ff7b4e80000 	C:\Program Files\Java\jdk-21\bin\java.exe
0x00007ff974220000 - 0x00007ff974488000 	C:\WINDOWS\SYSTEM32\ntdll.dll
0x00007ff9728d0000 - 0x00007ff972999000 	C:\WINDOWS\System32\KERNEL32.DLL
0x00007ff9717d0000 - 0x00007ff971bc2000 	C:\WINDOWS\System32\KERNELBASE.dll
0x00007ff9715c0000 - 0x00007ff97170b000 	C:\WINDOWS\System32\ucrtbase.dll
0x00007ff902430000 - 0x00007ff90244b000 	C:\Program Files\Java\jdk-21\bin\VCRUNTIME140.dll
0x00007ff903b00000 - 0x00007ff903b19000 	C:\Program Files\Java\jdk-21\bin\jli.dll
0x00007ff973ef0000 - 0x00007ff973fa4000 	C:\WINDOWS\System32\ADVAPI32.dll
0x00007ff973fb0000 - 0x00007ff974059000 	C:\WINDOWS\System32\msvcrt.dll
0x00007ff972250000 - 0x00007ff9722f6000 	C:\WINDOWS\System32\sechost.dll
0x00007ff9740c0000 - 0x00007ff9741d8000 	C:\WINDOWS\System32\RPCRT4.dll
0x00007ff9726b0000 - 0x00007ff972875000 	C:\WINDOWS\System32\USER32.dll
0x00007ff93b660000 - 0x00007ff93b8f3000 	C:\WINDOWS\WinSxS\amd64_microsoft.windows.common-controls_6595b64144ccf1df_6.0.26100.6899_none_3e0efeeae32e88c1\COMCTL32.dll
0x00007ff971d00000 - 0x00007ff971d27000 	C:\WINDOWS\System32\win32u.dll
0x00007ff972220000 - 0x00007ff97224b000 	C:\WINDOWS\System32\GDI32.dll
0x00007ff971bd0000 - 0x00007ff971cfd000 	C:\WINDOWS\System32\gdi32full.dll
0x00007ff971eb0000 - 0x00007ff971f53000 	C:\WINDOWS\System32\msvcp_win.dll
0x00007ff965d50000 - 0x00007ff965d5b000 	C:\WINDOWS\SYSTEM32\VERSION.dll
0x00007ff9720d0000 - 0x00007ff9720ff000 	C:\WINDOWS\System32\IMM32.DLL
0x00007ff937080000 - 0x00007ff93708c000 	C:\Program Files\Java\jdk-21\bin\vcruntime140_1.dll
0x00007ff8da730000 - 0x00007ff8da7be000 	C:\Program Files\Java\jdk-21\bin\msvcp140.dll
0x00007ff833d20000 - 0x00007ff834a3d000 	C:\Program Files\Java\jdk-21\bin\server\jvm.dll
0x00007ff9721a0000 - 0x00007ff972214000 	C:\WINDOWS\System32\WS2_32.dll
0x00007ff962e00000 - 0x00007ff962e35000 	C:\WINDOWS\SYSTEM32\WINMM.dll
0x00007ff970b30000 - 0x00007ff970b8e000 	C:\WINDOWS\SYSTEM32\POWRPROF.dll
0x00007ff970b10000 - 0x00007ff970b24000 	C:\WINDOWS\SYSTEM32\UMPDC.dll
0x00007ff970180000 - 0x00007ff97019b000 	C:\WINDOWS\SYSTEM32\kernel.appcore.dll
0x00007ff934cb0000 - 0x00007ff934cba000 	C:\Program Files\Java\jdk-21\bin\jimage.dll
0x00007ff96eb10000 - 0x00007ff96ed52000 	C:\WINDOWS\SYSTEM32\DBGHELP.DLL
0x00007ff973970000 - 0x00007ff973ceb000 	C:\WINDOWS\System32\combase.dll
0x00007ff971ff0000 - 0x00007ff9720c7000 	C:\WINDOWS\System32\OLEAUT32.dll
0x00007ff945200000 - 0x00007ff94523c000 	C:\WINDOWS\SYSTEM32\dbgcore.DLL
0x00007ff9713b0000 - 0x00007ff971448000 	C:\WINDOWS\System32\bcryptPrimitives.dll
0x00007ff8fe730000 - 0x00007ff8fe74f000 	C:\Program Files\Java\jdk-21\bin\java.dll

dbghelp: loaded successfully - version: 4.0.5 - missing functions: none
symbol engine: initialized successfully - sym options: 0x614 - pdb path: .;C:\Program Files\Java\jdk-21\bin;C:\WINDOWS\SYSTEM32;C:\WINDOWS\WinSxS\amd64_microsoft.windows.common-controls_6595b64144ccf1df_6.0.26100.6899_none_3e0efeeae32e88c1;C:\Program Files\Java\jdk-21\bin\server

VM Arguments:
jvm_args: -Dnet.bytebuddy.agent.attacher.dump= 
java_command: net.bytebuddy.agent.Attacher com.sun.tools.attach.VirtualMachine 32364 C:\Users\aldyj\.m2\repository\net\bytebuddy\byte-buddy-agent\1.17.7\byte-buddy-agent-1.17.7.jar false 
java_class_path (initial): C:\Users\aldyj\.m2\repository\net\bytebuddy\byte-buddy-agent\1.17.7\byte-buddy-agent-1.17.7.jar
Launcher Type: SUN_STANDARD

[Global flags]
     intx CICompilerCount                          = 4                                         {product} {ergonomic}
     uint ConcGCThreads                            = 3                                         {product} {ergonomic}
     uint G1ConcRefinementThreads                  = 10                                        {product} {ergonomic}
   size_t G1HeapRegionSize                         = 2097152                                   {product} {ergonomic}
    uintx GCDrainStackTargetSize                   = 64                                        {product} {ergonomic}
   size_t InitialHeapSize                          = 197132288                                 {product} {ergonomic}
   size_t MarkStackSize                            = 4194304                                   {product} {ergonomic}
   size_t MaxHeapSize                              = 3126853632                                {product} {ergonomic}
   size_t MinHeapDeltaBytes                        = 2097152                                   {product} {ergonomic}
   size_t MinHeapSize                              = 8388608                                   {product} {ergonomic}
    uintx NonNMethodCodeHeapSize                   = 5839372                                {pd product} {ergonomic}
    uintx NonProfiledCodeHeapSize                  = 122909434                              {pd product} {ergonomic}
    uintx ProfiledCodeHeapSize                     = 122909434                              {pd product} {ergonomic}
    uintx ReservedCodeCacheSize                    = 251658240                              {pd product} {ergonomic}
     bool SegmentedCodeCache                       = true                                      {product} {ergonomic}
   size_t SoftMaxHeapSize                          = 3126853632                             {manageable} {ergonomic}
     bool UseCompressedOops                        = true                           {product lp64_product} {ergonomic}
     bool UseG1GC                                  = true                                      {product} {ergonomic}
     bool UseLargePagesIndividualAllocation        = false                                  {pd product} {ergonomic}

Logging:
Log output configuration:
 #0: stdout all=warning uptime,level,tags foldmultilines=false
 #1: stderr all=off uptime,level,tags foldmultilines=false

Environment Variables:
JAVA_HOME=C:\Program Files\Java\jdk-21
PATH=C:\Program Files\Common Files\Oracle\Java\javapath;C:\app\aldyj\product\21c\dbhomeXE\bin;C:\Program Files (x86)\VMware\VMware Workstation\bin\;C:\windows\system32;C:\windows;C:\windows\System32\Wbem;C:\windows\System32\WindowsPowerShell\v1.0\;C:\windows\System32\OpenSSH\;C:\Program Files (x86)\NVIDIA Corporation\PhysX\Common;C:\Windows\system32;C:\Windows;C:\Windows\System32\Wbem;C:\Windows\System32\WindowsPowerShell\v1.0\;C:\Windows\System32\OpenSSH\;C:\Program Files\dotnet\;C:\Program Files\NVIDIA Corporation\NVIDIA app\NvDLISR;C:\Users\aldyj\.config\herd\bin\nvm;C:\Program Files\nodejs;C:\WINDOWS\system32;C:\WINDOWS;C:\WINDOWS\System32\Wbem;C:\WINDOWS\System32\WindowsPowerShell\v1.0\;C:\WINDOWS\System32\OpenSSH\;C:\Program Files\Git\cmd;C:\Program Files\Graphviz\bin;C:\Program Files\nodejs\;C:\ProgramData\ComposerSetup\bin;C:\Program Files\PuTTY\;C:\Program Files\Oracle\instantclient_23_8;C:\Program Files\Docker\Docker\resources\bin;C:\Users\aldyj\.local\bin;C:\Program Files\Java\jdk-24\bin;C:\Users\aldyj\.config\herd\bin;C:\Users\aldyj\AppData\Local\Programs\Python\Python313\Scripts\;C:\Users\aldyj\AppData\Local\Programs\Python\Python313\;C:\Users\aldyj\AppData\Local\Programs\Python\Launcher\;C:\Users\aldyj\AppData\Local\Microsoft\WindowsApps;C:\Users\aldyj\AppData\Local\Programs\Microsoft VS Code\bin;C:\Users\aldyj\AppData\Local\GitHubDesktop\bin;C:\Program Files\MongoDB\Server\8.0\bin;C:\xampp\php;C:\Users\aldyj\OneDrive\Documentos\aaaa\mongodb-database-tools-windows-x86_64-100.12.0\bin;C:\Program Files\PostgreSQL\17\bin;C:\Program Files\Graphviz\bin;C:\Users\aldyj\AppData\Roaming\npm;C:\Users\aldyj\AppData\Roaming\Composer\vendor\bin;C:\Program Files\Oracle\instantclient_19_26;C:\php-8.2.28-nts-Win32-vs16-x64;C:\Users\aldyj\AppData\Local\Programs\cursor\resources\app\bin;C:\Maiven\apache-maven-3.9.11\bin;C:\Program Files\apache-tomcat-11.0.10\bin;C:\Program Files\JetBrains\IntelliJ IDEA 2025.2\bin;
USERNAME=aldyj
TERM=xterm
OS=Windows_NT
PROCESSOR_IDENTIFIER=Intel64 Family 6 Model 141 Stepping 1, GenuineIntel
TMP=C:\Users\aldyj\AppData\Local\Temp
TEMP=C:\Users\aldyj\AppData\Local\Temp




Periodic native trim disabled

---------------  S Y S T E M  ---------------

OS:
 Windows 11 , 64 bit Build 26100 (10.0.26100.6725)
OS uptime: 3 days 21:13 hours
Hyper-V role detected

CPU: total 12 (initial active 12) (6 cores per cpu, 2 threads per core) family 6 model 141 stepping 1 microcode 0x4e, cx8, cmov, fxsr, ht, mmx, 3dnowpref, sse, sse2, sse3, ssse3, sse4.1, sse4.2, popcnt, lzcnt, tsc, tscinvbit, avx, avx2, aes, erms, clmul, bmi1, bmi2, adx, avx512f, avx512dq, avx512cd, avx512bw, avx512vl, sha, fma, vzeroupper, avx512_vpopcntdq, avx512_vpclmulqdq, avx512_vaes, avx512_vnni, clflush, clflushopt, clwb, avx512_vbmi2, avx512_vbmi, hv, rdtscp, rdpid, fsrm, gfni, avx512_bitalg, f16c, cet_ibt, cet_ss, avx512_ifma
Processor Information for all 12 processors :
  Max Mhz: 2688, Current Mhz: 2688, Mhz Limit: 2688

Memory: 4k page, system-wide physical 11925M (938M free)
TotalPageFile size 29206M (AvailPageFile size 11M)
current process WorkingSet (physical memory assigned to process): 12M, peak: 12M
current process commit charge ("private bytes"): 64M, peak: 252M

vm_info: Java HotSpot(TM) 64-Bit Server VM (21.0.8+12-LTS-250) for windows-amd64 JRE (21.0.8+12-LTS-250), built on 2025-06-27T08:11:22Z by "mach5one" with MS VC++ 17.6 (VS2022)

END.
